

Version:	3.12
CmdLine:	C:\Users\Allan\Documents\College\Programming\Calculator\Calculator.exe --l4j-debug
WOW64:		yes
Working dir:	C:\Users\Allan\Documents\College\Programming\Calculator\.
Java min ver:	1.008.000
Java max ver:	1.011.000
64-bit search:	SOFTWARE\JavaSoft\Java Runtime Environment...
32-bit search:	SOFTWARE\JavaSoft\Java Runtime Environment...
Check:		SOFTWARE\JavaSoft\Java Runtime Environment\1.8
Check launcher:	C:\Program Files (x86)\Java\jre1.8.0_241\bin\javaw.exe (OK)
Match:		1.008.000
Check:		SOFTWARE\JavaSoft\Java Runtime Environment\1.8.0_241
Check launcher:	C:\Program Files (x86)\Java\jre1.8.0_241\bin\javaw.exe (OK)
Match:		1.008.000_241
64-bit search:	SOFTWARE\JavaSoft\Java Development Kit...
32-bit search:	SOFTWARE\JavaSoft\Java Development Kit...
64-bit search:	SOFTWARE\JavaSoft\JRE...
32-bit search:	SOFTWARE\JavaSoft\JRE...
64-bit search:	SOFTWARE\JavaSoft\JDK...
Check:		SOFTWARE\JavaSoft\JDK\13
Ignore:		1.013.000
32-bit search:	SOFTWARE\JavaSoft\JDK...
Runtime used:	1.008.000_241 (32-bit)
Launcher:	C:\Program Files (x86)\Java\jre1.8.0_241\bin\javaw.exe
Launcher args:	-jar "C:\Users\Allan\Documents\College\Programming\Calculator\Calculator.exe"
Args length:	77/32768 chars
Exit code:	0


Version:	3.12
CmdLine:	C:\Users\Allan\Documents\College\Programming\Calculator\Calculator.exe --l4j-debug
WOW64:		yes
Working dir:	C:\Users\Allan\Documents\College\Programming\Calculator\.
Java min ver:	1.008.000
Java max ver:	1.011.000
64-bit search:	SOFTWARE\JavaSoft\Java Runtime Environment...
32-bit search:	SOFTWARE\JavaSoft\Java Runtime Environment...
Check:		SOFTWARE\JavaSoft\Java Runtime Environment\1.8
Check launcher:	C:\Program Files (x86)\Java\jre1.8.0_241\bin\javaw.exe (OK)
Match:		1.008.000
Check:		SOFTWARE\JavaSoft\Java Runtime Environment\1.8.0_241
Check launcher:	C:\Program Files (x86)\Java\jre1.8.0_241\bin\javaw.exe (OK)
Match:		1.008.000_241
64-bit search:	SOFTWARE\JavaSoft\Java Development Kit...
32-bit search:	SOFTWARE\JavaSoft\Java Development Kit...
64-bit search:	SOFTWARE\JavaSoft\JRE...
32-bit search:	SOFTWARE\JavaSoft\JRE...
64-bit search:	SOFTWARE\JavaSoft\JDK...
Check:		SOFTWARE\JavaSoft\JDK\13
Ignore:		1.013.000
32-bit search:	SOFTWARE\JavaSoft\JDK...
Runtime used:	1.008.000_241 (32-bit)
Launcher:	C:\Program Files (x86)\Java\jre1.8.0_241\bin\javaw.exe
Launcher args:	-jar "C:\Users\Allan\Documents\College\Programming\Calculator\Calculator.exe"
Args length:	77/32768 chars
Exit code:	0


Version:	3.12
CmdLine:	C:\Users\Allan\Documents\College\Programming\Calculator\Calculator.exe --l4j-debug
WOW64:		yes
Working dir:	C:\Users\Allan\Documents\College\Programming\Calculator\.
Java min ver:	1.008.000
Java max ver:	1.011.000
64-bit search:	SOFTWARE\JavaSoft\Java Runtime Environment...
32-bit search:	SOFTWARE\JavaSoft\Java Runtime Environment...
Check:		SOFTWARE\JavaSoft\Java Runtime Environment\1.8
Check launcher:	C:\Program Files (x86)\Java\jre1.8.0_241\bin\javaw.exe (OK)
Match:		1.008.000
Check:		SOFTWARE\JavaSoft\Java Runtime Environment\1.8.0_241
Check launcher:	C:\Program Files (x86)\Java\jre1.8.0_241\bin\javaw.exe (OK)
Match:		1.008.000_241
64-bit search:	SOFTWARE\JavaSoft\Java Development Kit...
32-bit search:	SOFTWARE\JavaSoft\Java Development Kit...
64-bit search:	SOFTWARE\JavaSoft\JRE...
32-bit search:	SOFTWARE\JavaSoft\JRE...
64-bit search:	SOFTWARE\JavaSoft\JDK...
Check:		SOFTWARE\JavaSoft\JDK\13
Ignore:		1.013.000
32-bit search:	SOFTWARE\JavaSoft\JDK...
Runtime used:	1.008.000_241 (32-bit)
Launcher:	C:\Program Files (x86)\Java\jre1.8.0_241\bin\javaw.exe
Launcher args:	-jar "C:\Users\Allan\Documents\College\Programming\Calculator\Calculator.exe"
Args length:	77/32768 chars
Exit code:	0


Version:	3.12
CmdLine:	C:\Users\Allan\Documents\College\Programming\Calculator\Calculator.exe --l4j-debug
WOW64:		yes
Working dir:	C:\Users\Allan\Documents\College\Programming\Calculator\.
Java min ver:	1.008.000
Java max ver:	1.011.000
64-bit search:	SOFTWARE\JavaSoft\Java Runtime Environment...
32-bit search:	SOFTWARE\JavaSoft\Java Runtime Environment...
Check:		SOFTWARE\JavaSoft\Java Runtime Environment\1.8
Check launcher:	C:\Program Files (x86)\Java\jre1.8.0_241\bin\javaw.exe (OK)
Match:		1.008.000
Check:		SOFTWARE\JavaSoft\Java Runtime Environment\1.8.0_241
Check launcher:	C:\Program Files (x86)\Java\jre1.8.0_241\bin\javaw.exe (OK)
Match:		1.008.000_241
64-bit search:	SOFTWARE\JavaSoft\Java Development Kit...
32-bit search:	SOFTWARE\JavaSoft\Java Development Kit...
64-bit search:	SOFTWARE\JavaSoft\JRE...
32-bit search:	SOFTWARE\JavaSoft\JRE...
64-bit search:	SOFTWARE\JavaSoft\JDK...
Check:		SOFTWARE\JavaSoft\JDK\13
Ignore:		1.013.000
32-bit search:	SOFTWARE\JavaSoft\JDK...
Runtime used:	1.008.000_241 (32-bit)
Launcher:	C:\Program Files (x86)\Java\jre1.8.0_241\bin\javaw.exe
Launcher args:	-jar "C:\Users\Allan\Documents\College\Programming\Calculator\Calculator.exe"
Args length:	77/32768 chars
Exit code:	0


Version:	3.12
CmdLine:	C:\Users\Allan\Documents\College\Programming\Calculator\Calculator.exe --l4j-debug
WOW64:		yes
Create mutex:	calculator
Working dir:	C:\Users\Allan\Documents\College\Programming\Calculator\.
Java min ver:	1.004.000
Java max ver:	
64-bit search:	SOFTWARE\JavaSoft\Java Runtime Environment...
32-bit search:	SOFTWARE\JavaSoft\Java Runtime Environment...
Check:		SOFTWARE\JavaSoft\Java Runtime Environment\1.8
Check launcher:	C:\Program Files (x86)\Java\jre1.8.0_241\bin\javaw.exe (OK)
Match:		1.008.000
Check:		SOFTWARE\JavaSoft\Java Runtime Environment\1.8.0_241
Check launcher:	C:\Program Files (x86)\Java\jre1.8.0_241\bin\javaw.exe (OK)
Match:		1.008.000_241
64-bit search:	SOFTWARE\JavaSoft\Java Development Kit...
32-bit search:	SOFTWARE\JavaSoft\Java Development Kit...
64-bit search:	SOFTWARE\JavaSoft\JRE...
32-bit search:	SOFTWARE\JavaSoft\JRE...
64-bit search:	SOFTWARE\JavaSoft\JDK...
Check:		SOFTWARE\JavaSoft\JDK\13
Check launcher:	C:\Program Files\Java\jdk-13\bin\javaw.exe (OK)
Match:		1.013.000
Runtime used:	1.013.000 (64-bit)
Launcher:	C:\Program Files\Java\jdk-13\bin\javaw.exe
Launcher args:	--module-path "C:\Program Files\javafx-sdk-14\lib" --add-modules javafx.controls,javafx.fxml -jar "C:\Users\Allan\Documents\College\Programming\Calculator\Calculator.exe"
Args length:	170/32768 chars
Exit code:	0


Version:	3.12
CmdLine:	C:\Users\Allan\Documents\College\Programming\Calculator\Calculator.exe --l4j-debug
WOW64:		yes
Create mutex:	calculator
Working dir:	C:\Users\Allan\Documents\College\Programming\Calculator\.
Java min ver:	1.004.000
Java max ver:	
64-bit search:	SOFTWARE\JavaSoft\Java Runtime Environment...
32-bit search:	SOFTWARE\JavaSoft\Java Runtime Environment...
Check:		SOFTWARE\JavaSoft\Java Runtime Environment\1.8
Check launcher:	C:\Program Files (x86)\Java\jre1.8.0_241\bin\javaw.exe (OK)
Match:		1.008.000
Check:		SOFTWARE\JavaSoft\Java Runtime Environment\1.8.0_241
Check launcher:	C:\Program Files (x86)\Java\jre1.8.0_241\bin\javaw.exe (OK)
Match:		1.008.000_241
64-bit search:	SOFTWARE\JavaSoft\Java Development Kit...
32-bit search:	SOFTWARE\JavaSoft\Java Development Kit...
64-bit search:	SOFTWARE\JavaSoft\JRE...
32-bit search:	SOFTWARE\JavaSoft\JRE...
64-bit search:	SOFTWARE\JavaSoft\JDK...
Check:		SOFTWARE\JavaSoft\JDK\13
Check launcher:	C:\Program Files\Java\jdk-13\bin\javaw.exe (OK)
Match:		1.013.000
Runtime used:	1.013.000 (64-bit)
Launcher:	C:\Program Files\Java\jdk-13\bin\javaw.exe
Launcher args:	--module-path "C:\Program Files\javafx-sdk-14\lib" --add-modules javafx.controls,javafx.fxml -jar "C:\Users\Allan\Documents\College\Programming\Calculator\Calculator.exe"
Args length:	170/32768 chars
Exit code:	0
